{"/Users/steventhompson/projects/staff-board/src/components/LaunchScreen.jsx": {"path":"/Users/steventhompson/projects/staff-board/src/components/LaunchScreen.jsx","statementMap":{"0":{"start":{"line":4,"column":21},"end":{"line":23,"column":1}},"1":{"start":{"line":5,"column":4},"end":{"line":22,"column":6}}},"fnMap":{"0":{"name":"(anonymous_0)","decl":{"start":{"line":4,"column":21},"end":{"line":4,"column":22}},"loc":{"start":{"line":4,"column":71},"end":{"line":23,"column":1}},"line":4}},"branchMap":{"0":{"loc":{"start":{"line":4,"column":24},"end":{"line":4,"column":44}},"type":"default-arg","locations":[{"start":{"line":4,"column":32},"end":{"line":4,"column":44}}],"line":4},"1":{"loc":{"start":{"line":4,"column":46},"end":{"line":4,"column":64}},"type":"default-arg","locations":[{"start":{"line":4,"column":60},"end":{"line":4,"column":64}}],"line":4},"2":{"loc":{"start":{"line":20,"column":13},"end":{"line":20,"column":48}},"type":"binary-expr","locations":[{"start":{"line":20,"column":13},"end":{"line":20,"column":24}},{"start":{"line":20,"column":28},"end":{"line":20,"column":48}}],"line":20}},"s":{"0":1,"1":3},"f":{"0":3},"b":{"0":[2],"1":[1],"2":[3,2]},"_coverageSchema":"1a1c01bbd47fc00a2c39e90264f33305004495a9","hash":"915b2f44deda5a47d6b03aac7ca9ca11d2e6e3c5"}
,"/Users/steventhompson/projects/staff-board/src/utils/api.js": {"path":"/Users/steventhompson/projects/staff-board/src/utils/api.js","statementMap":{"0":{"start":{"line":3,"column":30},"end":{"line":12,"column":6}},"1":{"start":{"line":4,"column":4},"end":{"line":12,"column":6}},"2":{"start":{"line":5,"column":8},"end":{"line":7,"column":9}},"3":{"start":{"line":6,"column":12},"end":{"line":6,"column":79}},"4":{"start":{"line":8,"column":8},"end":{"line":11,"column":10}},"5":{"start":{"line":9,"column":26},"end":{"line":9,"column":50}},"6":{"start":{"line":10,"column":23},"end":{"line":10,"column":36}},"7":{"start":{"line":14,"column":28},"end":{"line":22,"column":1}},"8":{"start":{"line":15,"column":16},"end":{"line":15,"column":109}},"9":{"start":{"line":16,"column":21},"end":{"line":16,"column":37}},"10":{"start":{"line":17,"column":4},"end":{"line":19,"column":5}},"11":{"start":{"line":18,"column":8},"end":{"line":18,"column":52}},"12":{"start":{"line":20,"column":17},"end":{"line":20,"column":38}},"13":{"start":{"line":21,"column":4},"end":{"line":21,"column":24}}},"fnMap":{"0":{"name":"(anonymous_0)","decl":{"start":{"line":3,"column":30},"end":{"line":3,"column":31}},"loc":{"start":{"line":4,"column":4},"end":{"line":12,"column":6}},"line":4},"1":{"name":"(anonymous_1)","decl":{"start":{"line":4,"column":16},"end":{"line":4,"column":17}},"loc":{"start":{"line":4,"column":37},"end":{"line":12,"column":5}},"line":4},"2":{"name":"(anonymous_2)","decl":{"start":{"line":9,"column":12},"end":{"line":9,"column":13}},"loc":{"start":{"line":9,"column":26},"end":{"line":9,"column":50}},"line":9},"3":{"name":"(anonymous_3)","decl":{"start":{"line":10,"column":12},"end":{"line":10,"column":13}},"loc":{"start":{"line":10,"column":23},"end":{"line":10,"column":36}},"line":10},"4":{"name":"(anonymous_4)","decl":{"start":{"line":14,"column":28},"end":{"line":14,"column":29}},"loc":{"start":{"line":14,"column":59},"end":{"line":22,"column":1}},"line":14}},"branchMap":{"0":{"loc":{"start":{"line":5,"column":8},"end":{"line":7,"column":9}},"type":"if","locations":[{"start":{"line":5,"column":8},"end":{"line":7,"column":9}},{"start":{},"end":{}}],"line":5},"1":{"loc":{"start":{"line":17,"column":4},"end":{"line":19,"column":5}},"type":"if","locations":[{"start":{"line":17,"column":4},"end":{"line":19,"column":5}},{"start":{},"end":{}}],"line":17}},"s":{"0":1,"1":1,"2":1,"3":0,"4":1,"5":1,"6":0,"7":1,"8":0,"9":0,"10":0,"11":0,"12":0,"13":0},"f":{"0":1,"1":1,"2":1,"3":0,"4":0},"b":{"0":[0,1],"1":[0,0]},"_coverageSchema":"1a1c01bbd47fc00a2c39e90264f33305004495a9","hash":"94b95ca440e2bbb52882f81098a1545b250e0a55"}
}
